<?xml version="1.0" encoding="UTF-8"?>
<testng-results ignored="0" total="1" passed="0" failed="1" skipped="0">
  <reporter-output>
  </reporter-output>
  <suite started-at="2023-05-29T23:21:29 IST" name="Default suite" finished-at="2023-05-29T23:23:00 IST" duration-ms="90056">
    <groups>
    </groups>
    <test started-at="2023-05-29T23:21:29 IST" name="Default test" finished-at="2023-05-29T23:23:00 IST" duration-ms="90056">
      <class name="com.Test.TC_ytp_Check">
        <test-method is-config="true" signature="BS()[pri:0, instance:com.Test.TC_ytp_Check@5fdcaa40]" started-at="2023-05-29T23:21:28 IST" name="BS" finished-at="2023-05-29T23:21:29 IST" duration-ms="1896" status="PASS">
          <reporter-output>
          </reporter-output>
        </test-method> <!-- BS -->
        <test-method is-config="true" signature="SetUp()[pri:0, instance:com.Test.TC_ytp_Check@5fdcaa40]" started-at="2023-05-29T23:21:30 IST" name="SetUp" finished-at="2023-05-29T23:21:50 IST" duration-ms="19996" status="PASS">
          <reporter-output>
          </reporter-output>
        </test-method> <!-- SetUp -->
        <test-method signature="verify_ytp_journey(java.lang.String,java.lang.String,java.lang.String,java.lang.String,java.lang.String,java.lang.String,java.lang.String,java.lang.String,java.lang.String,java.lang.String,java.lang.String,java.lang.String,java.lang.String,java.lang.String,java.lang.String,java.lang.String,java.lang.String,java.lang.String,java.lang.String,java.lang.String,java.lang.String,java.lang.String,java.lang.String,java.lang.String,java.lang.String,java.lang.String,java.lang.String,java.lang.String,java.lang.String,java.lang.String,java.lang.String,java.lang.String,java.lang.String,java.lang.String,java.lang.String,java.lang.String,java.lang.String,java.lang.String,java.lang.String,java.lang.String,java.lang.String,java.lang.String,java.lang.String,java.lang.String,java.lang.String,java.lang.String,java.lang.String,java.lang.String,java.lang.String,java.lang.String,java.lang.String,java.lang.String,java.lang.String,java.lang.String,java.lang.String,java.lang.String,java.lang.String,java.lang.String,java.lang.String,java.lang.String,java.lang.String,java.lang.String,java.lang.String,java.lang.String,java.lang.String,java.lang.String,java.lang.String,java.lang.String,java.lang.String,java.lang.String,java.lang.String,java.lang.String,java.lang.String,java.lang.String,java.lang.String,java.lang.String,java.lang.String,java.lang.String,java.lang.String,java.lang.String,java.lang.String,java.lang.String,java.lang.String,java.lang.String,java.lang.String,java.lang.String,java.lang.String,java.lang.String,java.lang.String,java.lang.String,java.lang.String,java.lang.String,java.lang.String,java.lang.String,java.lang.String,java.lang.String,java.lang.String,java.lang.String,java.lang.String,java.lang.String,java.lang.String,java.lang.String,java.lang.String,java.lang.String,java.lang.String,java.lang.String,java.lang.String,java.lang.String)[pri:0, instance:com.Test.TC_ytp_Check@5fdcaa40]" started-at="2023-05-29T23:21:50 IST" name="verify_ytp_journey" data-provider="excelData" finished-at="2023-05-29T23:23:00 IST" duration-ms="69792" status="FAIL">
          <params>
            <param index="0">
              <value>
                <![CDATA[TC_01]]>
              </value>
            </param>
            <param index="1">
              <value>
                <![CDATA[Ganesh]]>
              </value>
            </param>
            <param index="2">
              <value>
                <![CDATA[]]>
              </value>
            </param>
            <param index="3">
              <value>
                <![CDATA[Mahure]]>
              </value>
            </param>
            <param index="4">
              <value>
                <![CDATA[ganeshmahure111@gmail.com]]>
              </value>
            </param>
            <param index="5">
              <value>
                <![CDATA[7840954417]]>
              </value>
            </param>
            <param index="6">
              <value>
                <![CDATA[Male]]>
              </value>
            </param>
            <param index="7">
              <value>
                <![CDATA[28/09/1999]]>
              </value>
            </param>
            <param index="8">
              <value>
                <![CDATA[Yes]]>
              </value>
            </param>
            <param index="9">
              <value>
                <![CDATA[Self Employed]]>
              </value>
            </param>
            <param index="10">
              <value>
                <![CDATA[Graduate]]>
              </value>
            </param>
            <param index="11">
              <value>
                <![CDATA[5600000]]>
              </value>
            </param>
            <param index="12">
              <value>
                <![CDATA[No]]>
              </value>
            </param>
            <param index="13">
              <value>
                <![CDATA[3000000]]>
              </value>
            </param>
            <param index="14">
              <value>
                <![CDATA[33 Years]]>
              </value>
            </param>
            <param index="15">
              <value>
                <![CDATA[Year]]>
              </value>
            </param>
            <param index="16">
              <value>
                <![CDATA[ten]]>
              </value>
            </param>
            <param index="17">
              <value>
                <![CDATA[Y]]>
              </value>
            </param>
            <param index="18">
              <value>
                <![CDATA[Increasing]]>
              </value>
            </param>
            <param index="19">
              <value>
                <![CDATA[Monthly Income]]>
              </value>
            </param>
            <param index="20">
              <value>
                <![CDATA[Level]]>
              </value>
            </param>
            <param index="21">
              <value>
                <![CDATA[Lumpsum: 25% |  Monthly Income: 75%]]>
              </value>
            </param>
            <param index="22">
              <value>
                <![CDATA[Increasing @ 5% per annum]]>
              </value>
            </param>
            <param index="23">
              <value>
                <![CDATA[Y]]>
              </value>
            </param>
            <param index="24">
              <value>
                <![CDATA[1400000]]>
              </value>
            </param>
            <param index="25">
              <value>
                <![CDATA[N]]>
              </value>
            </param>
            <param index="26">
              <value>
                <![CDATA[1400000]]>
              </value>
            </param>
            <param index="27">
              <value>
                <![CDATA[N]]>
              </value>
            </param>
            <param index="28">
              <value>
                <![CDATA[N]]>
              </value>
            </param>
            <param index="29">
              <value>
                <![CDATA[Y]]>
              </value>
            </param>
            <param index="30">
              <value>
                <![CDATA[1000000]]>
              </value>
            </param>
            <param index="31">
              <value>
                <![CDATA[Y]]>
              </value>
            </param>
            <param index="32">
              <value>
                <![CDATA[31000000]]>
              </value>
            </param>
            <param index="33">
              <value>
                <![CDATA[ERLPM1070B]]>
              </value>
            </param>
            <param index="34">
              <value>
                <![CDATA[431003]]>
              </value>
            </param>
            <param index="35">
              <value>
                <![CDATA[Transport owner]]>
              </value>
            </param>
            <param index="36">
              <value>
                <![CDATA[Pay Later]]>
              </value>
            </param>
            <param index="37">
              <value>
                <![CDATA[787478797476]]>
              </value>
            </param>
            <param index="38">
              <value>
                <![CDATA[father]]>
              </value>
            </param>
            <param index="39">
              <value>
                <![CDATA[middle]]>
              </value>
            </param>
            <param index="40">
              <value>
                <![CDATA[last]]>
              </value>
            </param>
            <param index="41">
              <value>
                <![CDATA[mother]]>
              </value>
            </param>
            <param index="42">
              <value>
                <![CDATA[middle3]]>
              </value>
            </param>
            <param index="43">
              <value>
                <![CDATA[last3]]>
              </value>
            </param>
            <param index="44">
              <value>
                <![CDATA[Divorced]]>
              </value>
            </param>
            <param index="45">
              <value>
                <![CDATA[7478957714]]>
              </value>
            </param>
            <param index="46">
              <value>
                <![CDATA[Y]]>
              </value>
            </param>
            <param index="47">
              <value>
                <![CDATA[BJP]]>
              </value>
            </param>
            <param index="48">
              <value>
                <![CDATA[Brother]]>
              </value>
            </param>
            <param index="49">
              <value>
                <![CDATA[Buisness]]>
              </value>
            </param>
            <param index="50">
              <value>
                <![CDATA[BJP]]>
              </value>
            </param>
            <param index="51">
              <value>
                <![CDATA[Support]]>
              </value>
            </param>
            <param index="52">
              <value>
                <![CDATA[pending ]]>
              </value>
            </param>
            <param index="53">
              <value>
                <![CDATA[N]]>
              </value>
            </param>
            <param index="54">
              <value>
                <![CDATA[PAN card]]>
              </value>
            </param>
            <param index="55">
              <value>
                <![CDATA[123456791]]>
              </value>
            </param>
            <param index="56">
              <value>
                <![CDATA[20/04/2030]]>
              </value>
            </param>
            <param index="57">
              <value>
                <![CDATA[4465]]>
              </value>
            </param>
            <param index="58">
              <value>
                <![CDATA[1234512345]]>
              </value>
            </param>
            <param index="59">
              <value>
                <![CDATA[25/05/2032]]>
              </value>
            </param>
            <param index="60">
              <value>
                <![CDATA[Ration Card]]>
              </value>
            </param>
            <param index="61">
              <value>
                <![CDATA[1234567892]]>
              </value>
            </param>
            <param index="62">
              <value>
                <![CDATA[20/05/2030]]>
              </value>
            </param>
            <param index="63">
              <value>
                <![CDATA[1234]]>
              </value>
            </param>
            <param index="64">
              <value>
                <![CDATA[0123456789]]>
              </value>
            </param>
            <param index="65">
              <value>
                <![CDATA[123456123456]]>
              </value>
            </param>
            <param index="66">
              <value>
                <![CDATA[20/08/2028]]>
              </value>
            </param>
            <param index="67">
              <value>
                <![CDATA[123125]]>
              </value>
            </param>
            <param index="68">
              <value>
                <![CDATA[Canara Bank]]>
              </value>
            </param>
            <param index="69">
              <value>
                <![CDATA[431003]]>
              </value>
            </param>
            <param index="70">
              <value>
                <![CDATA[Maharashtra]]>
              </value>
            </param>
            <param index="71">
              <value>
                <![CDATA[Aurnagabad, Maharashtra.]]>
              </value>
            </param>
            <param index="72">
              <value>
                <![CDATA[Gurgaon]]>
              </value>
            </param>
            <param index="73">
              <value>
                <![CDATA[Others]]>
              </value>
            </param>
            <param index="74">
              <value>
                <![CDATA[Others]]>
              </value>
            </param>
            <param index="75">
              <value>
                <![CDATA[ID Proof]]>
              </value>
            </param>
            <param index="76">
              <value>
                <![CDATA[Seaman / Engine-room worker]]>
              </value>
            </param>
            <param index="77">
              <value>
                <![CDATA[93]]>
              </value>
            </param>
            <param index="78">
              <value>
                <![CDATA[Ocean liners]]>
              </value>
            </param>
            <param index="79">
              <value>
                <![CDATA[20/05/2017]]>
              </value>
            </param>
            <param index="80">
              <value>
                <![CDATA[Canada]]>
              </value>
            </param>
            <param index="81">
              <value>
                <![CDATA[Yes]]>
              </value>
            </param>
            <param index="82">
              <value>
                <![CDATA[Canara HSBC Life Insurance]]>
              </value>
            </param>
            <param index="83">
              <value>
                <![CDATA[No]]>
              </value>
            </param>
            <param index="84">
              <value>
                <![CDATA[Nothing]]>
              </value>
            </param>
            <param index="85">
              <value>
                <![CDATA[No]]>
              </value>
            </param>
            <param index="86">
              <value>
                <![CDATA[Nothing]]>
              </value>
            </param>
            <param index="87">
              <value>
                <![CDATA[Aurangabad Maharashtra]]>
              </value>
            </param>
            <param index="88">
              <value>
                <![CDATA[e-KYC Aadhaar]]>
              </value>
            </param>
            <param index="89">
              <value>
                <![CDATA[Auangabad]]>
              </value>
            </param>
            <param index="90">
              <value>
                <![CDATA[No]]>
              </value>
            </param>
            <param index="91">
              <value>
                <![CDATA[0123456791]]>
              </value>
            </param>
            <param index="92">
              <value>
                <![CDATA[NSDL]]>
              </value>
            </param>
            <param index="93">
              <value>
                <![CDATA[No]]>
              </value>
            </param>
            <param index="94">
              <value>
                <![CDATA[HDFC Standard Life Insurance Co. Ltd]]>
              </value>
            </param>
            <param index="95">
              <value>
                <![CDATA[1700000]]>
              </value>
            </param>
            <param index="96">
              <value>
                <![CDATA[Active]]>
              </value>
            </param>
            <param index="97">
              <value>
                <![CDATA[ganesh]]>
              </value>
            </param>
            <param index="98">
              <value>
                <![CDATA[mahure]]>
              </value>
            </param>
            <param index="99">
              <value>
                <![CDATA[28/09/1992]]>
              </value>
            </param>
            <param index="100">
              <value>
                <![CDATA[Male]]>
              </value>
            </param>
            <param index="101">
              <value>
                <![CDATA[7845127845]]>
              </value>
            </param>
            <param index="102">
              <value>
                <![CDATA[ganesh.dsf@gmail.com]]>
              </value>
            </param>
            <param index="103">
              <value>
                <![CDATA[Brother]]>
              </value>
            </param>
            <param index="104">
              <value>
                <![CDATA[1.0]]>
              </value>
            </param>
            <param index="105">
              <value>
                <![CDATA[174]]>
              </value>
            </param>
            <param index="106">
              <value>
                <![CDATA[50]]>
              </value>
            </param>
            <param index="107">
              <value>
                <![CDATA[2]]>
              </value>
            </param>
          </params>
          <exception class="org.openqa.selenium.NoSuchElementException">
            <message>
              <![CDATA[Cannot locate element with text: 431003
For documentation on this error, please visit: https://www.seleniumhq.org/exceptions/no_such_element.html
Build info: version: '3.141.59', revision: 'e82be7d358', time: '2018-11-14T08:17:03'
System info: host: 'GANESH_MAHURE', ip: '192.168.100.231', os.name: 'Windows 10', os.arch: 'amd64', os.version: '10.0', java.version: '19.0.1'
Driver info: driver.version: unknown]]>
            </message>
            <full-stacktrace>
              <![CDATA[org.openqa.selenium.NoSuchElementException: Cannot locate element with text: 431003
For documentation on this error, please visit: https://www.seleniumhq.org/exceptions/no_such_element.html
Build info: version: '3.141.59', revision: 'e82be7d358', time: '2018-11-14T08:17:03'
System info: host: 'GANESH_MAHURE', ip: '192.168.100.231', os.name: 'Windows 10', os.arch: 'amd64', os.version: '10.0', java.version: '19.0.1'
Driver info: driver.version: unknown
at org.openqa.selenium.support.ui.Select.selectByVisibleText(Select.java:147)
at com.Test.TC_ytp_Check.verify_ytp_journey(TC_ytp_Check.java:375)
at java.base/jdk.internal.reflect.DirectMethodHandleAccessor.invoke(DirectMethodHandleAccessor.java:104)
at java.base/java.lang.reflect.Method.invoke(Method.java:578)
at org.testng.internal.MethodInvocationHelper.invokeMethod(MethodInvocationHelper.java:133)
at org.testng.internal.TestInvoker.invokeMethod(TestInvoker.java:598)
at org.testng.internal.TestInvoker.invokeTestMethod(TestInvoker.java:173)
at org.testng.internal.MethodRunner.runInSequence(MethodRunner.java:46)
at org.testng.internal.TestInvoker$MethodInvocationAgent.invoke(TestInvoker.java:824)
at org.testng.internal.TestInvoker.invokeTestMethods(TestInvoker.java:146)
at org.testng.internal.TestMethodWorker.invokeTestMethods(TestMethodWorker.java:146)
at org.testng.internal.TestMethodWorker.run(TestMethodWorker.java:128)
at java.base/java.util.ArrayList.forEach(ArrayList.java:1511)
at org.testng.TestRunner.privateRun(TestRunner.java:794)
at org.testng.TestRunner.run(TestRunner.java:596)
at org.testng.SuiteRunner.runTest(SuiteRunner.java:377)
at org.testng.SuiteRunner.runSequentially(SuiteRunner.java:371)
at org.testng.SuiteRunner.privateRun(SuiteRunner.java:332)
at org.testng.SuiteRunner.run(SuiteRunner.java:276)
at org.testng.SuiteRunnerWorker.runSuite(SuiteRunnerWorker.java:53)
at org.testng.SuiteRunnerWorker.run(SuiteRunnerWorker.java:96)
at org.testng.TestNG.runSuitesSequentially(TestNG.java:1212)
at org.testng.TestNG.runSuitesLocally(TestNG.java:1134)
at org.testng.TestNG.runSuites(TestNG.java:1063)
at org.testng.TestNG.run(TestNG.java:1031)
at org.testng.remote.AbstractRemoteTestNG.run(AbstractRemoteTestNG.java:115)
at org.testng.remote.RemoteTestNG.initAndRun(RemoteTestNG.java:251)
at org.testng.remote.RemoteTestNG.main(RemoteTestNG.java:77)
]]>
            </full-stacktrace>
          </exception> <!-- org.openqa.selenium.NoSuchElementException -->
          <reporter-output>
          </reporter-output>
        </test-method> <!-- verify_ytp_journey -->
        <test-method is-config="true" signature="tearDown()[pri:0, instance:com.Test.TC_ytp_Check@5fdcaa40]" started-at="2023-05-29T23:23:00 IST" name="tearDown" finished-at="2023-05-29T23:23:00 IST" duration-ms="1" status="PASS">
          <reporter-output>
          </reporter-output>
        </test-method> <!-- tearDown -->
      </class> <!-- com.Test.TC_ytp_Check -->
    </test> <!-- Default test -->
  </suite> <!-- Default suite -->
</testng-results>
